<?xml version="1.0" encoding="UTF-8"?>
<!-- Generated by org.testng.reporters.JUnitXMLReporter -->
<testsuite hostname="IND-SDharmik" ignored="0" name="Test1" tests="4" failures="0" timestamp="14 Apr 2018 12:46:19 GMT" time="42.116" errors="0">
  <testcase name="e2e" time="3.071" classname="Smoke.EndtoEnd"/>
  <testcase name="e2e1" time="10.721" classname="Smoke.EndtoEnd"/>
  <testcase name="validateLinks" time="23.516" classname="Smoke.SmokeTestBuild"/>
  <testcase name="validateNavigations" time="32.098" classname="Smoke.SmokeTestBuild"/>
</testsuite> <!-- Test1 -->
