<?xml version="1.0" encoding="UTF-8"?>
<!-- Generated by org.testng.reporters.JUnitXMLReporter -->
<testsuite hostname="IND-SDharmik" ignored="0" name="Test" tests="2" failures="2" timestamp="14 Apr 2018 12:16:22 GMT" time="0.03" errors="0">
  <testcase name="validateLinks" time="0.01" classname="Smoke.SmokeTestBuild">
    <failure type="java.lang.NullPointerException">
      <![CDATA[java.lang.NullPointerException
	at Smoke.SmokeTestBuild.validateLinks(SmokeTestBuild.java:21)
... Removed 25 stack frames]]>
    </failure>
  </testcase> <!-- validateLinks -->
  <testcase name="validateNavigations" time="0.0" classname="Smoke.SmokeTestBuild">
    <failure type="java.lang.NullPointerException">
      <![CDATA[java.lang.NullPointerException
	at Smoke.SmokeTestBuild.validateNavigations(SmokeTestBuild.java:14)
... Removed 25 stack frames]]>
    </failure>
  </testcase> <!-- validateNavigations -->
</testsuite> <!-- Test -->
