<?xml version="1.0" encoding="UTF-8"?>
<!-- Generated by org.testng.reporters.JUnitXMLReporter -->
<testsuite hostname="IND-SDharmik" ignored="2" name="Test" tests="2" failures="2" timestamp="14 Apr 2018 09:07:38 GMT" time="0.006" errors="0">
  <testcase name="validateLinks" time="0.001" classname="Smoke.SmokeTestBuild">
    <failure type="java.lang.NullPointerException">
      <![CDATA[java.lang.NullPointerException
	at Smoke.SmokeTestBuild.validateLinks(SmokeTestBuild.java:21)
	at java.util.concurrent.ThreadPoolExecutor.runWorker(ThreadPoolExecutor.java:1149)
	at java.util.concurrent.ThreadPoolExecutor$Worker.run(ThreadPoolExecutor.java:624)
	at java.lang.Thread.run(Thread.java:748)
... Removed 10 stack frames]]>
    </failure>
  </testcase> <!-- validateLinks -->
  <testcase name="validateNavigations" time="0.002" classname="Smoke.SmokeTestBuild">
    <failure type="java.lang.NullPointerException">
      <![CDATA[java.lang.NullPointerException
	at Smoke.SmokeTestBuild.validateNavigations(SmokeTestBuild.java:14)
	at java.util.concurrent.ThreadPoolExecutor.runWorker(ThreadPoolExecutor.java:1149)
	at java.util.concurrent.ThreadPoolExecutor$Worker.run(ThreadPoolExecutor.java:624)
	at java.lang.Thread.run(Thread.java:748)
... Removed 10 stack frames]]>
    </failure>
  </testcase> <!-- validateNavigations -->
  <testcase name="userCreated" time="0.0" classname="Sanity.SanityTestBuild">
    <ignored/>
  </testcase> <!-- userCreated -->
  <testcase name="courseCreation" time="0.0" classname="Sanity.SanityTestBuild">
    <ignored/>
  </testcase> <!-- courseCreation -->
</testsuite> <!-- Test -->
